\BOOKMARK [1][-]{section.1}{\376\377\000A\000b\000s\000t\000r\000a\000c\000t}{}% 1
\BOOKMARK [1][-]{section.2}{\376\377\000S\000i\000g\000n\000i\000f\000i\000c\000a\000n\000c\000e\000\040\000o\000f\000\040\000e\000i\000g\000e\000n\000\040\000v\000a\000l\000u\000e\000s}{}% 2
\BOOKMARK [1][-]{section.3}{\376\377\000P\000o\000w\000e\000r\000\040\000M\000e\000t\000h\000o\000d}{}% 3
\BOOKMARK [2][-]{subsection.3.1}{\376\377\000A\000l\000g\000o\000r\000i\000t\000h\000m}{section.3}% 4
\BOOKMARK [2][-]{subsection.3.2}{\376\377\000T\000i\000m\000e\000\040\000c\000o\000m\000p\000l\000e\000x\000i\000t\000y}{section.3}% 5
\BOOKMARK [2][-]{subsection.3.3}{\376\377\000P\000s\000e\000u\000d\000o\000c\000o\000d\000e}{section.3}% 6
\BOOKMARK [2][-]{subsection.3.4}{\376\377\000M\000e\000m\000o\000r\000y\000\040\000c\000o\000m\000p\000l\000e\000x\000i\000t\000y}{section.3}% 7
\BOOKMARK [2][-]{subsection.3.5}{\376\377\000P\000r\000o\000s}{section.3}% 8
\BOOKMARK [2][-]{subsection.3.6}{\376\377\000C\000o\000n\000s}{section.3}% 9
\BOOKMARK [1][-]{section.4}{\376\377\000J\000a\000c\000o\000b\000i\000\040\000m\000e\000t\000h\000o\000d}{}% 10
\BOOKMARK [2][-]{subsection.4.1}{\376\377\000A\000l\000g\000o\000r\000i\000t\000h\000m\000:}{section.4}% 11
\BOOKMARK [2][-]{subsection.4.2}{\376\377\000T\000i\000m\000e\000\040\000C\000o\000m\000p\000l\000e\000x\000i\000t\000y}{section.4}% 12
\BOOKMARK [2][-]{subsection.4.3}{\376\377\000P\000s\000e\000u\000d\000o\000c\000o\000d\000e}{section.4}% 13
\BOOKMARK [2][-]{subsection.4.4}{\376\377\000M\000e\000m\000o\000r\000y\000\040\000c\000o\000m\000p\000l\000e\000x\000i\000t\000y}{section.4}% 14
\BOOKMARK [2][-]{subsection.4.5}{\376\377\000P\000r\000o\000s}{section.4}% 15
\BOOKMARK [2][-]{subsection.4.6}{\376\377\000C\000o\000n\000s}{section.4}% 16
\BOOKMARK [1][-]{section.5}{\376\377\000L\000a\000n\000c\000z\000o\000s\000\040\000A\000l\000g\000o\000r\000i\000t\000h\000m}{}% 17
\BOOKMARK [2][-]{subsection.5.1}{\376\377\000A\000l\000g\000o\000r\000i\000t\000h\000m}{section.5}% 18
\BOOKMARK [2][-]{subsection.5.2}{\376\377\000T\000i\000m\000e\000\040\000C\000o\000m\000p\000l\000e\000x\000i\000t\000y}{section.5}% 19
\BOOKMARK [2][-]{subsection.5.3}{\376\377\000P\000s\000e\000u\000d\000o\000c\000o\000d\000e}{section.5}% 20
\BOOKMARK [2][-]{subsection.5.4}{\376\377\000M\000e\000m\000o\000r\000y\000\040\000C\000o\000m\000p\000l\000e\000x\000i\000t\000y}{section.5}% 21
\BOOKMARK [2][-]{subsection.5.5}{\376\377\000P\000r\000o\000s}{section.5}% 22
\BOOKMARK [2][-]{subsection.5.6}{\376\377\000C\000o\000n\000s}{section.5}% 23
\BOOKMARK [1][-]{section.6}{\376\377\000\040\000Q\000R\000-\000A\000l\000g\000o\000r\000i\000t\000h\000m}{}% 24
\BOOKMARK [2][-]{subsection.6.1}{\376\377\000G\000i\000v\000e\000n\000s\000\040\000R\000o\000t\000a\000t\000i\000o\000n\000s}{section.6}% 25
\BOOKMARK [3][-]{subsubsection.6.1.1}{\376\377\000P\000s\000e\000u\000d\000o\000c\000o\000d\000e}{subsection.6.1}% 26
\BOOKMARK [3][-]{subsubsection.6.1.2}{\376\377\000M\000e\000m\000o\000r\000y\000\040\000C\000o\000m\000p\000l\000e\000x\000i\000t\000y}{subsection.6.1}% 27
\BOOKMARK [2][-]{subsection.6.2}{\376\377\000G\000r\000a\000m\000-\000S\000c\000h\000m\000i\000d\000t}{section.6}% 28
\BOOKMARK [3][-]{subsubsection.6.2.1}{\376\377\000P\000s\000e\000u\000d\000o\000c\000o\000d\000e}{subsection.6.2}% 29
\BOOKMARK [3][-]{subsubsection.6.2.2}{\376\377\000M\000e\000m\000o\000r\000y\000\040\000C\000o\000m\000p\000l\000e\000x\000i\000t\000y}{subsection.6.2}% 30
\BOOKMARK [2][-]{subsection.6.3}{\376\377\000H\000o\000u\000s\000e\000h\000o\000l\000d\000e\000r\000\040\000a\000l\000g\000o\000r\000i\000t\000h\000m}{section.6}% 31
\BOOKMARK [3][-]{subsubsection.6.3.1}{\376\377\000B\000a\000s\000i\000c\000\040\000I\000d\000e\000a}{subsection.6.3}% 32
\BOOKMARK [3][-]{subsubsection.6.3.2}{\376\377\000H\000o\000u\000s\000e\000h\000o\000l\000d\000e\000r\000\040\000T\000r\000a\000n\000s\000f\000o\000r\000m\000a\000t\000i\000o\000n}{subsection.6.3}% 33
\BOOKMARK [3][-]{subsubsection.6.3.3}{\376\377\000M\000e\000m\000o\000r\000y\000\040\000C\000o\000m\000p\000l\000e\000x\000i\000t\000y}{subsection.6.3}% 34
\BOOKMARK [3][-]{subsubsection.6.3.4}{\376\377\000A\000d\000v\000a\000n\000t\000a\000g\000e\000s}{subsection.6.3}% 35
\BOOKMARK [3][-]{subsubsection.6.3.5}{\376\377\000D\000i\000s\000a\000d\000v\000a\000n\000t\000a\000g\000e\000s}{subsection.6.3}% 36
\BOOKMARK [1][-]{section.7}{\376\377\000C\000o\000n\000c\000l\000u\000s\000i\000o\000n}{}% 37
